"Start of log file."
"C:/Users/sivanous/DOCUME~1/GitHub/Gra/Gra/Assets/Models/10FAD~1.MAX"
"Starting max loading and fbx conversion"
window = undefined
"Settings units"
"Before fbx export"
"After fbx export"
"Finished max loading and fbx conversion"
"C:/Users/sivanous/DOCUME~1/GitHub/Gra/Gra/Assets/Models/3A916~1.MAX"
"Starting max loading and fbx conversion"
window = undefined
"Settings units"
"Before fbx export"
"After fbx export"
"Finished max loading and fbx conversion"
"C:/Users/sivanous/DOCUME~1/GitHub/Gra/Gra/Assets/Models/2E345~1.MAX"
"Starting max loading and fbx conversion"
window = undefined
"Settings units"
"Before fbx export"
"After fbx export"
"Finished max loading and fbx conversion"
